Running: C:\Xilinx\14.7\ISE_DS\ISE\bin\nt64\unwrapped\fuse.exe -intstyle ise -incremental -lib unisims_ver -lib unimacro_ver -lib xilinxcorelib_ver -o C:/Users/satyam/Desktop/my codes/CLKQUE/test_qwerty_isim_beh.exe -prj C:/Users/satyam/Desktop/my codes/CLKQUE/test_qwerty_beh.prj work.test_qwerty work.glbl 
ISim P.20131013 (signature 0x7708f090)
Number of CPUs detected in this system: 4
Turning on mult-threading, number of parallel sub-compilation jobs: 8 
Determining compilation order of HDL files
Analyzing Verilog file "C:/Users/satyam/Desktop/my codes/CLKQUE/CLKQUE.v" into library work
Analyzing Verilog file "C:/Users/satyam/Desktop/my codes/CLKQUE/test_qwerty.v" into library work
Analyzing Verilog file "C:/Xilinx/14.7/ISE_DS/ISE//verilog/src/glbl.v" into library work
Starting static elaboration
Completed static elaboration
Compiling module dff
Compiling module dff1
Compiling module CLKQUE
Compiling module test_qwerty
Compiling module glbl
Time Resolution for simulation is 1ps.
Waiting for 1 sub-compilation(s) to finish...
Compiled 5 Verilog Units
Built simulation executable C:/Users/satyam/Desktop/my codes/CLKQUE/test_qwerty_isim_beh.exe
Fuse Memory Usage: 27632 KB
Fuse CPU Usage: 484 ms
